<?xml version="1.0" encoding="UTF-8"?>
<!-- Generated by org.testng.reporters.JUnitXMLReporter -->
<testsuite ignored="0" hostname="Mukul" failures="0" tests="3" name="Default test" time="2.406" errors="0" timestamp="2025-10-09T18:12:33 IST">
  <testcase classname="MyPractice1.UsingDataProvider" name="addBook" time="1.965"/>
  <testcase classname="MyPractice1.UsingDataProvider" name="addBook" time="0.191"/>
  <testcase classname="MyPractice1.UsingDataProvider" name="addBook" time="0.172"/>
</testsuite> <!-- Default test -->
