<?xml version="1.0" encoding="UTF-8"?>
<testng-results ignored="0" total="2" passed="2" failed="0" skipped="0">
  <reporter-output>
  </reporter-output>
  <suite started-at="2025-10-16T12:00:54 IST" name="Default suite" finished-at="2025-10-16T12:00:59 IST" duration-ms="5131">
    <groups>
    </groups>
    <test started-at="2025-10-16T12:00:54 IST" name="Default test" finished-at="2025-10-16T12:00:59 IST" duration-ms="5131">
      <class name="MISC.UsingSessionFilter">
        <test-method is-config="true" signature="captureSessionId()[pri:0, instance:MISC.UsingSessionFilter@4c1909a3]" started-at="2025-10-16T12:00:54 IST" name="captureSessionId" finished-at="2025-10-16T12:00:54 IST" duration-ms="30" status="PASS">
          <reporter-output>
          </reporter-output>
        </test-method> <!-- captureSessionId -->
        <test-method signature="myTest1()[pri:0, instance:MISC.UsingSessionFilter@4c1909a3]" started-at="2025-10-16T12:00:54 IST" name="myTest1" finished-at="2025-10-16T12:00:58 IST" duration-ms="4022" status="PASS">
          <reporter-output>
          </reporter-output>
        </test-method> <!-- myTest1 -->
        <test-method signature="myTest2()[pri:0, instance:MISC.UsingSessionFilter@4c1909a3]" started-at="2025-10-16T12:00:58 IST" name="myTest2" finished-at="2025-10-16T12:00:59 IST" duration-ms="975" status="PASS">
          <reporter-output>
          </reporter-output>
        </test-method> <!-- myTest2 -->
      </class> <!-- MISC.UsingSessionFilter -->
    </test> <!-- Default test -->
  </suite> <!-- Default suite -->
</testng-results>
